<!DOCTYPE html PUBLIC "-//W3C//DTD XHTML 1.1//EN" "http://www.w3.org/TR/xhtml11/DTD/xhtml11.dtd">
<html xmlns="http://www.w3.org/1999/xhtml"><head><title>TestNG Report</title><style type="text/css">table {margin-bottom:10px;border-collapse:collapse;empty-cells:show}th,td {border:1px solid #009;padding:.25em .5em}th {vertical-align:bottom}td {vertical-align:top}table a {font-weight:bold}.stripe td {background-color: #E6EBF9}.num {text-align:right}.passedodd td {background-color: #3F3}.passedeven td {background-color: #0A0}.skippedodd td {background-color: #DDD}.skippedeven td {background-color: #CCC}.failedodd td,.attn {background-color: #F33}.failedeven td,.stripe .attn {background-color: #D00}.stacktrace {white-space:pre;font-family:monospace}.totop {font-size:85%;text-align:center;border-bottom:2px solid #000}</style></head><body><table><tr><th>Test</th><th># Passed</th><th># Skipped</th><th># Failed</th><th>Time (ms)</th><th>Included Groups</th><th>Excluded Groups</th></tr><tr><th colspan="7">My Project</th></tr><tr><th colspan="7">Login</th></tr><tr><td><a href="#t0">LandingPageTest</a></td><td class="num">0</td><td class="num attn">1</td><td class="num">0</td><td class="num">563</td><td></td><td></td></tr><tr class="stripe"><td><a href="#t1">Support</a></td><td class="num">0</td><td class="num attn">2</td><td class="num">0</td><td class="num">110</td><td></td><td></td></tr><tr><td><a href="#t2">LoginTest</a></td><td class="num">0</td><td class="num attn">1</td><td class="num">0</td><td class="num">50</td><td></td><td></td></tr><tr class="stripe"><td><a href="#t3">ForgotPassword</a></td><td class="num">0</td><td class="num attn">1</td><td class="num">0</td><td class="num">60</td><td></td><td></td></tr><tr><td><a href="#t4">SignUp</a></td><td class="num">0</td><td class="num attn">3</td><td class="num">0</td><td class="num">130</td><td></td><td></td></tr><tr class="stripe"><td><a href="#t5">Sendmail</a></td><td class="num">1</td><td class="num">0</td><td class="num">0</td><td class="num">4,593</td><td></td><td></td></tr><tr><th>Total</th><th class="num">1</th><th class="num attn">8</th><th class="num">0</th><th class="num">5,506</th><th colspan="2"></th></tr></table><table><thead><tr><th>Class</th><th>Method</th><th>Start</th><th>Time (ms)</th></tr></thead><tbody><tr><th colspan="4">My Project</th></tr></tbody><tbody><tr><th colspan="4">Login</th></tr></tbody><tbody id="t0"><tr><th colspan="4">LandingPageTest &#8212; skipped</th></tr><tr class="skippedeven"><td rowspan="1">com.qtpselenium.framework.datadriven.Login.LandingPageTest</td><td><a href="#m0">landingpageTest</a></td><td rowspan="1">1421746604446</td><td rowspan="1">43</td></tr></tbody><tbody id="t1"><tr><th colspan="4">Support &#8212; skipped</th></tr><tr class="skippedeven"><td rowspan="2">com.qtpselenium.framework.datadriven.Login.SupportTest</td><td><a href="#m1">supporttest</a></td><td rowspan="2">1421746604549</td><td rowspan="2">30</td></tr><tr class="skippedeven"><td><a href="#m2">supporttest</a></td></tr></tbody><tbody id="t2"><tr><th colspan="4">LoginTest &#8212; skipped</th></tr><tr class="skippedeven"><td rowspan="1">com.qtpselenium.framework.datadriven.Login.LoginTest</td><td><a href="#m3">logintest</a></td><td rowspan="1">1421746604649</td><td rowspan="1">30</td></tr></tbody><tbody id="t3"><tr><th colspan="4">ForgotPassword &#8212; skipped</th></tr><tr class="skippedeven"><td rowspan="1">com.qtpselenium.framework.datadriven.Login.ForgotPasswordTest</td><td><a href="#m4">forgotpasswordtest</a></td><td rowspan="1">1421746604719</td><td rowspan="1">30</td></tr></tbody><tbody id="t4"><tr><th colspan="4">SignUp &#8212; skipped</th></tr><tr class="skippedeven"><td rowspan="3">com.qtpselenium.framework.datadriven.Login.SignUpTest</td><td><a href="#m5">signuptest</a></td><td rowspan="3">1421746604819</td><td rowspan="3">30</td></tr><tr class="skippedeven"><td><a href="#m6">signuptest</a></td></tr><tr class="skippedeven"><td><a href="#m7">signuptest</a></td></tr></tbody><tbody id="t5"><tr><th colspan="4">Sendmail &#8212; passed</th></tr><tr class="passedeven"><td rowspan="1">com.qtpselenium.framework.datadriven.util.SendMailTest</td><td><a href="#m8">sendmailtest</a></td><td rowspan="1">1421746604889</td><td rowspan="1">4593</td></tr></tbody></table><h2>LandingPageTest</h2><h3 id="m0">com.qtpselenium.framework.datadriven.Login.LandingPageTest#landingpageTest</h3><table class="result"><tr class="param"><th>Parameter #1</th></tr><tr class="param stripe"><td>{password=testing1, Runmode=Y, domainname=vidhyaautomate, Expected_Result=, username=vidhya@i-waves.com, Browser=Mozilla, Result=}</td></tr><tr><th>Exception</th></tr><tr><td><div class="stacktrace">org.testng.SkipException: Skipping the test : LandingPageTest inside the suite  : LoginSuite
	at com.qtpselenium.framework.datadriven.TestBase.validateRunmodes(TestBase.java:93)
	at com.qtpselenium.framework.datadriven.Login.LandingPageTest.landingpageTest(LandingPageTest.java:50)
... Removed 25 stack frames</div></td></tr></table><p class="totop"><a href="#summary">back to summary</a></p><h2>Support</h2><h3 id="m1">com.qtpselenium.framework.datadriven.Login.SupportTest#supporttest</h3><table class="result"><tr class="param"><th>Parameter #1</th></tr><tr class="param stripe"><td>{name=vidhya, Result=, Runmode=Y, Expected_Result=, attachment=N, email=vidhya@i-waves.com, company=Infowave, subject=Automation Testing message1, Browser=Mozilla, message=I am posting a message before login using Automation script and without attachment}</td></tr><tr><th>Exception</th></tr><tr><td><div class="stacktrace">org.testng.SkipException: Skipping the test : SupportTest inside the suite  : LoginSuite
	at com.qtpselenium.framework.datadriven.TestBase.validateRunmodes(TestBase.java:93)
	at com.qtpselenium.framework.datadriven.Login.SupportTest.supporttest(SupportTest.java:32)
... Removed 25 stack frames</div></td></tr></table><p class="totop"><a href="#summary">back to summary</a></p><h3 id="m2">com.qtpselenium.framework.datadriven.Login.SupportTest#supporttest</h3><table class="result"><tr class="param"><th>Parameter #1</th></tr><tr class="param stripe"><td>{name=vidhya, Result=, Runmode=Y, Expected_Result=, attachment=Y, email=vidhya@i-waves.com, company=Infowave, subject=Automation Testing message, Browser=Mozilla, message=I am posting a message before login using Automation script and with attachment}</td></tr><tr><th>Exception</th></tr><tr><td><div class="stacktrace">org.testng.SkipException: Skipping the test : SupportTest inside the suite  : LoginSuite
	at com.qtpselenium.framework.datadriven.TestBase.validateRunmodes(TestBase.java:93)
	at com.qtpselenium.framework.datadriven.Login.SupportTest.supporttest(SupportTest.java:32)
... Removed 25 stack frames</div></td></tr></table><p class="totop"><a href="#summary">back to summary</a></p><h2>LoginTest</h2><h3 id="m3">com.qtpselenium.framework.datadriven.Login.LoginTest#logintest</h3><table class="result"><tr class="param"><th>Parameter #1</th></tr><tr class="param stripe"><td>{password=testing1, Runmode=Y, domainname=vidhyaautomate, Expected_Result=SUCCESS, username=vidhya@i-waves.com, Browser=Mozilla, Result=}</td></tr><tr><th>Exception</th></tr><tr><td><div class="stacktrace">org.testng.SkipException: Skipping the test : LoginTest inside the suite  : LoginSuite
	at com.qtpselenium.framework.datadriven.TestBase.validateRunmodes(TestBase.java:93)
	at com.qtpselenium.framework.datadriven.Login.LoginTest.logintest(LoginTest.java:32)
... Removed 25 stack frames</div></td></tr></table><p class="totop"><a href="#summary">back to summary</a></p><h2>ForgotPassword</h2><h3 id="m4">com.qtpselenium.framework.datadriven.Login.ForgotPasswordTest#forgotpasswordtest</h3><table class="result"><tr class="param"><th>Parameter #1</th></tr><tr class="param stripe"><td>{Runmode=Y, domainname=http://vidhyaautomate.campaignonthecloud.com , username=vidhya@i-waves.com, Browser=Mozilla, Result=}</td></tr><tr><th>Exception</th></tr><tr><td><div class="stacktrace">org.testng.SkipException: Skipping the test : ForgotPasswordTest inside the suite  : LoginSuite
	at com.qtpselenium.framework.datadriven.TestBase.validateRunmodes(TestBase.java:93)
	at com.qtpselenium.framework.datadriven.Login.ForgotPasswordTest.forgotpasswordtest(ForgotPasswordTest.java:29)
... Removed 25 stack frames</div></td></tr></table><p class="totop"><a href="#summary">back to summary</a></p><h2>SignUp</h2><h3 id="m5">com.qtpselenium.framework.datadriven.Login.SignUpTest#signuptest</h3><table class="result"><tr class="param"><th>Parameter #1</th></tr><tr class="param stripe"><td>{name=vidhya, Runmode=Y, domainname=vidhyaautomate, Expected_Result=FAILURE, username=vidhya@.com, Browser=Mozilla, Result=}</td></tr><tr><th>Exception</th></tr><tr><td><div class="stacktrace">org.testng.SkipException: Skipping the test : SignUpTest inside the suite  : LoginSuite
	at com.qtpselenium.framework.datadriven.TestBase.validateRunmodes(TestBase.java:93)
	at com.qtpselenium.framework.datadriven.Login.SignUpTest.signuptest(SignUpTest.java:31)
... Removed 25 stack frames</div></td></tr></table><p class="totop"><a href="#summary">back to summary</a></p><h3 id="m6">com.qtpselenium.framework.datadriven.Login.SignUpTest#signuptest</h3><table class="result"><tr class="param"><th>Parameter #1</th></tr><tr class="param stripe"><td>{name=vidhya, Runmode=Y, domainname=vidhyaautomat1, Expected_Result=FAILURE, username=vidhya@.com, Browser=Mozilla, Result=}</td></tr><tr><th>Exception</th></tr><tr><td><div class="stacktrace">org.testng.SkipException: Skipping the test : SignUpTest inside the suite  : LoginSuite
	at com.qtpselenium.framework.datadriven.TestBase.validateRunmodes(TestBase.java:93)
	at com.qtpselenium.framework.datadriven.Login.SignUpTest.signuptest(SignUpTest.java:31)
... Removed 25 stack frames</div></td></tr></table><p class="totop"><a href="#summary">back to summary</a></p><h3 id="m7">com.qtpselenium.framework.datadriven.Login.SignUpTest#signuptest</h3><table class="result"><tr class="param"><th>Parameter #1</th></tr><tr class="param stripe"><td>{name=vidhya, Runmode=Y, domainname=vidhyaautomat2, Expected_Result=SUCCESS, username=vidhya@i-waves.com, Browser=Mozilla, Result=}</td></tr><tr><th>Exception</th></tr><tr><td><div class="stacktrace">org.testng.SkipException: Skipping the test : SignUpTest inside the suite  : LoginSuite
	at com.qtpselenium.framework.datadriven.TestBase.validateRunmodes(TestBase.java:93)
	at com.qtpselenium.framework.datadriven.Login.SignUpTest.signuptest(SignUpTest.java:31)
... Removed 25 stack frames</div></td></tr></table><p class="totop"><a href="#summary">back to summary</a></p><h2>Sendmail</h2><h3 id="m8">com.qtpselenium.framework.datadriven.util.SendMailTest#sendmailtest</h3><table class="result"></table><p class="totop"><a href="#summary">back to summary</a></p></body></html>