<?xml version="1.0" encoding="UTF-8"?>
<!-- Generated by org.testng.reporters.JUnitXMLReporter -->
<testsuite hostname="Lenovo-PC" name="LandingPageTest" tests="1" failures="1" timestamp="27 Mar 2015 05:56:32 GMT" time="230.877" errors="0">
  <testcase name="landingpageTest" time="230.34" classname="com.qtpselenium.framework.datadriven.Login.LandingPageTest">
    <failure type="org.openqa.selenium.WebDriverException" message="unknown error: Element is not clickable at point (1133, 569). Other element would receive the click: &amp;lt;div id=&amp;quot;habla_topbar_div&amp;quot; class=&amp;quot;habla_topbar_div_normal hbl_pal_title_fg hbl_pal_title_bg habla_topbar_div_compressed &amp;quot;&amp;gt;...&amp;lt;/div&amp;gt;
  (Session info: chrome=41.0.2272.101)
  (Driver info: chromedriver=2.10.267521,platform=Windows NT 6.3 x86_64) (WARNING: The server did not provide any stacktrace information)
Command duration or timeout: 28 milliseconds
Build info: version: &amp;apos;2.43.1&amp;apos;, revision: &amp;apos;5163bceef1bc36d43f3dc0b83c88998168a363a0&amp;apos;, time: &amp;apos;2014-09-10 09:43:55&amp;apos;
System info: host: &amp;apos;Lenovo-PC&amp;apos;, ip: &amp;apos;10.37.4.215&amp;apos;, os.name: &amp;apos;Windows 8.1&amp;apos;, os.arch: &amp;apos;amd64&amp;apos;, os.version: &amp;apos;6.3&amp;apos;, java.version: &amp;apos;1.8.0_20&amp;apos;
Driver info: org.openqa.selenium.chrome.ChromeDriver
Capabilities [{applicationCacheEnabled=false, rotatable=false, chrome={userDataDir=C:\Users\Vidhya\AppData\Local\Temp\scoped_dir7484_2672}, takesHeapSnapshot=true, databaseEnabled=false, handlesAlerts=true, version=41.0.2272.101, platform=WIN8_1, browserConnectionEnabled=false, nativeEvents=true, acceptSslCerts=true, locationContextEnabled=true, webStorageEnabled=true, browserName=chrome, takesScreenshot=true, javascriptEnabled=true, cssSelectorsEnabled=true}]
Session ID: 295612b094bf40d2431ea573ae72777a">
      <![CDATA[org.openqa.selenium.WebDriverException: unknown error: Element is not clickable at point (1133, 569). Other element would receive the click: <div id="habla_topbar_div" class="habla_topbar_div_normal hbl_pal_title_fg hbl_pal_title_bg habla_topbar_div_compressed ">...</div>
  (Session info: chrome=41.0.2272.101)
  (Driver info: chromedriver=2.10.267521,platform=Windows NT 6.3 x86_64) (WARNING: The server did not provide any stacktrace information)
Command duration or timeout: 28 milliseconds
Build info: version: '2.43.1', revision: '5163bceef1bc36d43f3dc0b83c88998168a363a0', time: '2014-09-10 09:43:55'
System info: host: 'Lenovo-PC', ip: '10.37.4.215', os.name: 'Windows 8.1', os.arch: 'amd64', os.version: '6.3', java.version: '1.8.0_20'
Driver info: org.openqa.selenium.chrome.ChromeDriver
Capabilities [{applicationCacheEnabled=false, rotatable=false, chrome={userDataDir=C:\Users\Vidhya\AppData\Local\Temp\scoped_dir7484_2672}, takesHeapSnapshot=true, databaseEnabled=false, handlesAlerts=true, version=41.0.2272.101, platform=WIN8_1, browserConnectionEnabled=false, nativeEvents=true, acceptSslCerts=true, locationContextEnabled=true, webStorageEnabled=true, browserName=chrome, takesScreenshot=true, javascriptEnabled=true, cssSelectorsEnabled=true}]
Session ID: 295612b094bf40d2431ea573ae72777a
	at org.openqa.selenium.remote.ErrorHandler.createThrowable(ErrorHandler.java:204)
	at org.openqa.selenium.remote.ErrorHandler.throwIfResponseFailed(ErrorHandler.java:156)
	at org.openqa.selenium.remote.RemoteWebDriver.execute(RemoteWebDriver.java:599)
	at org.openqa.selenium.remote.RemoteWebElement.execute(RemoteWebElement.java:268)
	at org.openqa.selenium.remote.RemoteWebElement.click(RemoteWebElement.java:79)
	at com.qtpselenium.framework.datadriven.Login.LandingPageTest.landingpageTest(LandingPageTest.java:134)
... Removed 29 stack frames]]>
    </failure>
  </testcase> <!-- landingpageTest -->
</testsuite> <!-- LandingPageTest -->
